<?xml version="1.0" encoding="UTF-8"?>
<!-- Generated by org.testng.reporters.JUnitReportReporter -->
<testsuite name="testingNG.Testdriver" tests="1" time="72.385" ignored="0" failures="0" timestamp="18 Jun 2017 16:45:33 GMT" skipped="0" hostname="NOIDW7ZT4226" errors="0">
  <testcase name="doLogin" time="72.385" classname="testingNG.Testdriver"/>
</testsuite> <!-- testingNG.Testdriver -->
